[2015-10-12 22:11:45] START
[2015-10-12 22:12:09] EDIT M2L/models/menu.py: 0
[2015-10-12 22:13:02] EDIT M2L/models/menu.py: 0
[2015-10-12 22:13:24] EDIT M2L/models/menu.py: 0
[2015-10-12 22:16:24] EDIT M2L/models/menu.py: -2
[2015-10-12 22:16:49] UPLOAD /home/malou/SAUV_CLEO/MALOU/PROF/PRATIQUE/CODE_APPLICATIF/FRAMEWORK/WEB2PY/web2py/applications/M2L/static/logoM2L.png: 47
[2015-10-12 22:17:20] EDIT M2L/models/menu.py: 0
[2015-10-12 22:17:26] EDIT M2L/models/menu.py: 0
[2015-10-12 22:22:17] DELETE M2L/static/logoM2L.png: -47
[2015-10-12 22:22:28] UPLOAD /home/malou/SAUV_CLEO/MALOU/PROF/PRATIQUE/CODE_APPLICATIF/FRAMEWORK/WEB2PY/web2py/applications/M2L/static/logoM2L.png: 24
[2015-10-12 22:24:50] DELETE M2L/static/logoM2L.png: -24
[2015-10-12 22:25:00] UPLOAD /home/malou/SAUV_CLEO/MALOU/PROF/PRATIQUE/CODE_APPLICATIF/FRAMEWORK/WEB2PY/web2py/applications/M2L/static/logoM2L.png: 15
[2015-10-12 22:26:07] DELETE M2L/static/logoM2L.png: -15
[2015-10-12 22:26:13] UPLOAD /home/malou/SAUV_CLEO/MALOU/PROF/PRATIQUE/CODE_APPLICATIF/FRAMEWORK/WEB2PY/web2py/applications/M2L/static/logoM2L.png: 12
[2015-10-12 22:28:54] DELETE M2L/static/logoM2L.png: -12
[2015-10-12 22:29:03] UPLOAD /home/malou/SAUV_CLEO/MALOU/PROF/PRATIQUE/CODE_APPLICATIF/FRAMEWORK/WEB2PY/web2py/applications/M2L/static/logoM2L_1.jpg: 17
[2015-10-12 22:29:14] EDIT M2L/models/menu.py: 0
[2015-10-12 22:29:33] EDIT M2L/models/menu.py: 0
[2015-10-12 22:50:57] DELETE M2L/static/images/background.jpg: -1088
[2015-10-12 22:51:12] UPLOAD /home/malou/SAUV_CLEO/MALOU/PROF/PRATIQUE/CODE_APPLICATIF/FRAMEWORK/WEB2PY/web2py/applications/M2L/static/background.jpg: 410
[2015-10-12 22:57:40] EDIT M2L/models/menu.py: 0
[2015-10-12 23:06:57] EDIT M2L/static/css/bootstrap.min.css: 0
[2015-10-12 23:07:33] EDIT M2L/static/css/bootstrap.min.css: 0
[2015-10-12 23:08:22] EDIT M2L/static/css/bootstrap.min.css: 0
[2015-10-12 23:09:16] EDIT M2L/static/css/bootstrap.min.css: 0
[2015-10-12 23:12:39] EDIT M2L/models/menu.py: -1
[2015-10-12 23:13:04] EDIT M2L/models/menu.py: 1
[2015-10-12 23:13:41] EDIT M2L/models/menu.py: 2
[2015-10-12 23:15:29] EDIT M2L/models/menu.py: 6
[2015-10-12 23:28:26] EDIT M2L/controllers/default.py: -1
[2015-10-12 23:28:35] EDIT M2L/controllers/default.py: -3
[2015-10-12 23:29:52] EDIT M2L/views/default/index.html: -13
[2015-10-12 23:30:21] EDIT M2L/controllers/default.py: 1
[2015-10-12 23:30:59] EDIT M2L/views/default/index.html: 1
[2015-10-12 23:31:35] EDIT M2L/views/default/index.html: 2
[2015-10-12 23:31:54] EDIT M2L/views/default/index.html: -2
[2015-10-12 23:32:13] EDIT M2L/controllers/default.py: 0
[2015-10-12 23:33:35] EDIT M2L/views/default/index.html: 0
[2015-10-12 23:34:00] EDIT M2L/views/default/index.html: -1
[2015-10-12 23:36:30] EDIT M2L/views/default/index.html: 2
[2015-10-12 23:36:59] EDIT M2L/models/menu.py: -6
[2015-10-12 23:38:22] EDIT M2L/views/default/index.html: 0
[2015-10-13 11:54:10] EDIT M2L/views/default/index.html: 0
[2015-10-13 11:54:46] EDIT M2L/controllers/default.py: 5
[2015-10-13 11:55:03] CREATE default/statutJuridique.html: 0
[2015-10-13 12:01:28] EDIT M2L/views/default/statutJuridique.html: 12
[2015-10-13 12:02:32] EDIT M2L/views/default/index.html: 5
[2015-10-13 18:22:44] EDIT M2L/views/layout.html: 8
[2015-10-13 18:25:25] EDIT M2L/views/default/index.html: 1
[2015-10-13 18:25:35] EDIT M2L/views/default/index.html: -10
[2015-10-13 21:49:31] EDIT M2L/models/menu.py: 0
[2015-10-13 21:50:14] EDIT M2L/models/menu.py: 0
[2015-10-13 21:50:31] EDIT M2L/models/menu.py: 0
[2015-10-14 10:39:33] EDIT M2L/private/appconfig.ini: 0
[2015-10-14 10:43:03] EDIT M2L/private/appconfig.ini: 0
[2015-10-14 10:46:35] CREATE db_ligue.py: 0
[2015-10-14 10:52:11] EDIT M2L/models/db_ligue.py: 8
[2015-10-14 10:52:23] EDIT M2L/models/db_ligue.py: 0
[2015-10-14 10:59:36] EDIT M2L/models/db_ligue.py: 1
[2015-10-14 11:01:05] EDIT M2L/models/db_ligue.py: 0
[2015-10-14 13:11:59] EDIT M2L/private/appconfig.ini: 0
[2015-10-14 13:12:19] EDIT M2L/private/appconfig.ini: 0
[2015-10-14 13:12:48] EDIT M2L/private/appconfig.ini: 0
[2015-10-14 13:15:00] EDIT M2L/private/appconfig.ini: 0
[2015-10-14 13:15:15] EDIT M2L/private/appconfig.ini: 0
[2015-10-14 13:16:57] EDIT M2L/models/db_ligue.py: 0
[2015-10-14 13:17:18] EDIT M2L/models/db.py: 0
[2015-10-14 13:35:01] EDIT M2L/private/appconfig.ini: 0
[2015-10-16 14:12:30] CREATE default/pageContact.html: 0
[2015-10-16 14:24:39] EDIT M2L/views/default/index.html: 0
[2015-10-16 15:26:46] EDIT M2L/models/db_ligue.py: 7
[2015-10-16 15:26:55] EDIT M2L/models/db_ligue.py: 0
[2015-10-16 15:42:51] EDIT M2L/controllers/default.py: 2
[2015-10-16 15:42:53] EDIT M2L/controllers/default.py: 0
[2015-10-16 15:53:17] EDIT M2L/views/default/pageContact.html: 12
[2015-10-16 15:54:24] EDIT M2L/controllers/default.py: 0
[2015-10-16 15:55:37] EDIT M2L/controllers/default.py: 1
[2015-10-16 15:58:51] EDIT M2L/views/default/pageContact.html: 0
[2015-10-16 16:01:15] EDIT M2L/views/default/pageContact.html: 6
[2015-10-16 16:01:49] EDIT M2L/views/default/pageContact.html: 0
[2015-10-16 16:02:13] EDIT M2L/views/default/pageContact.html: 0
[2015-10-16 16:02:42] EDIT M2L/views/default/pageContact.html: 0
[2015-10-16 16:04:38] EDIT M2L/views/default/pageContact.html: 0
[2015-10-16 16:08:58] EDIT M2L/views/default/index.html: 0
[2015-10-16 16:09:17] CREATE default/pagePersonnel.html: 0
[2015-10-16 16:09:30] EDIT M2L/views/default/pageContact.html: -20
[2015-10-16 16:09:41] EDIT M2L/views/default/pagePersonnel.html: 18
[2015-10-16 16:10:10] EDIT M2L/controllers/default.py: 0
[2015-10-16 16:11:08] EDIT M2L/views/default/pageContact.html: 0
[2015-10-16 16:11:12] EDIT M2L/controllers/default.py: 0
[2015-10-16 16:11:44] DELETE M2L/views/default/pageContact.html.1: -21
[2015-10-16 16:12:28] EDIT M2L/views/default/pagePersonnel.html: 0
[2015-10-16 16:13:18] EDIT M2L/controllers/default.py: 3
[2015-10-16 16:15:02] EDIT M2L/views/default/pagePersonnel.html: 0
[2015-10-16 16:38:08] EDIT M2L/controllers/default.py: -1
[2015-10-16 16:42:03] EDIT M2L/views/default/pageContact.html: 24
[2015-11-04 14:18:52] EDIT M2L/models/db_ligue.py: 8
[2015-11-04 14:20:29] EDIT M2L/models/db_ligue.py: -1
[2015-11-04 14:21:04] EDIT M2L/models/db_ligue.py: 0
[2015-11-04 14:26:59] EDIT M2L/models/db_ligue.py: 0
[2015-11-04 14:33:04] CREATE db_personnel.py: 0
[2015-11-04 14:34:39] CREATE db_contact.py: 0
[2015-11-04 14:34:56] EDIT M2L/models/db_contact.py: 7
[2015-11-04 14:35:13] EDIT M2L/models/db_personnel.py: 7
[2015-11-04 14:35:21] EDIT M2L/models/db_ligue.py: -14
[2015-11-04 14:37:19] EDIT M2L/controllers/default.py: 1
[2015-11-04 14:40:00] EDIT M2L/views/default/pageContact.html: 0
[2015-11-04 14:41:14] EDIT M2L/controllers/default.py: 0
[2015-11-04 14:44:56] EDIT M2L/views/default/pageContact.html: 1
[2015-11-04 14:48:39] EDIT M2L/views/default/pageContact.html: 0
[2015-11-04 14:50:23] EDIT M2L/views/default/pageContact.html: 0
[2015-11-04 14:51:09] EDIT M2L/views/default/pageContact.html: 0
[2015-11-04 14:52:48] EDIT M2L/views/default/pageContact.html: 0
[2015-11-04 14:55:29] EDIT M2L/views/default/pageContact.html: 10
[2015-11-04 14:57:36] EDIT M2L/views/default/pageContact.html: 2
[2015-11-04 14:58:44] EDIT M2L/views/default/pageContact.html: 3
[2015-11-04 14:58:54] EDIT M2L/views/default/pagePersonnel.html: 0
[2015-11-04 15:00:33] EDIT M2L/views/default/pageContact.html: 1
[2015-11-04 15:29:09] EDIT M2L/models/menu.py: 0
[2015-11-04 15:31:37] CREATE default/pageParticipant.html: 0
[2015-11-04 15:34:37] CREATE db_participant.py: 0
[2015-11-04 15:36:05] EDIT M2L/models/db_participant.py: 6
[2015-11-04 15:45:27] EDIT M2L/controllers/default.py: 3
[2015-11-04 15:49:05] EDIT M2L/views/default/pageParticipant.html: 14
[2015-11-04 16:20:16] EDIT M2L/views/default/pageContact.html: -1
[2015-11-04 16:20:59] EDIT M2L/views/default/pageParticipant.html: -1
[2015-11-04 16:21:19] EDIT M2L/views/default/pageContact.html: 0
[2015-11-04 16:21:31] EDIT M2L/views/default/pageContact.html: 1
[2015-11-04 16:22:08] EDIT M2L/views/default/pageParticipant.html: 3
[2015-11-04 16:22:19] EDIT M2L/views/default/pageParticipant.html: 1
[2015-11-04 16:22:44] EDIT M2L/views/default/pagePersonnel.html: 1
[2015-11-04 16:23:08] EDIT M2L/views/default/pagePersonnel.html: -1
[2015-11-04 16:23:22] EDIT M2L/views/default/pagePersonnel.html: 1
